Resource Usage Report for SF2_MSS_sys 

Mapping to part: m2s025vf256std
Cell usage:
CCC             1 use
CLKINT          3 uses
MSS_025         1 use
OR3             2 uses
RCOSC_25_50MHZ  1 use
SYSRESET        1 use
CFG1           6 uses
CFG2           231 uses
CFG3           308 uses
CFG4           575 uses

Carry cells:
ARI1            329 uses - used for arithmetic functions
ARI1            163 uses - used for Wide-Mux implementation
Total ARI1      492 uses


Sequential Cells: 
SLE            826 uses

DSP Blocks:    0 of 34 (0%)

I/O ports: 34
I/O primitives: 33
BIBUF          2 uses
INBUF          8 uses
OUTBUF         23 uses


Global Clock Buffers: 3 of 8 (37%)


Total LUTs:    1612

Extra resources required for RAM and MACC interface logic during P&R:

RAM64x18 Interface Logic : SLEs = 108; LUTs = 108;
RAM1K18  Interface Logic : SLEs = 0; LUTs = 0;
MACC     Interface Logic : SLEs = 0; LUTs = 0;

Total number of SLEs after P&R:  826 + 108 + 0 + 0 = 934;
Total number of LUTs after P&R:  1612 + 108 + 0 + 0 = 1720;

