08:04:10 **** Incremental Build of configuration Debug for project FCBBaseDesign ****
make all 
Building file: ../src/demo.c
Invoking: Cross ARM C Compiler
arm-none-eabi-gcc -mcpu=cortex-m3 -mthumb -O0 -fmessage-length=0 -fsigned-char -ffunction-sections -fdata-sections  -g3 -I../drivers_config/sys_config -I../CMSIS -I../hal/CortexM3/GNU -I../hal/CortexM3 -I.. -I../hal -I../drivers/CoreGPIO -std=gnu11 --specs=cmsis.specs -MMD -MP -MF"src/demo.d" -MT"src/demo.o" -c -o "src/demo.o" "../src/demo.c"
Finished building: ../src/demo.c
 
Building file: ../main.c
Invoking: Cross ARM C Compiler
arm-none-eabi-gcc -mcpu=cortex-m3 -mthumb -O0 -fmessage-length=0 -fsigned-char -ffunction-sections -fdata-sections  -g3 -I../drivers_config/sys_config -I../CMSIS -I../hal/CortexM3/GNU -I../hal/CortexM3 -I.. -I../hal -I../drivers/CoreGPIO -std=gnu11 --specs=cmsis.specs -MMD -MP -MF"main.d" -MT"main.o" -c -o "main.o" "../main.c"
Finished building: ../main.c
 
Building target: FCBBaseDesign.elf
Invoking: Cross ARM C Linker
arm-none-eabi-gcc -mcpu=cortex-m3 -mthumb -O0 -fmessage-length=0 -fsigned-char -ffunction-sections -fdata-sections  -g3 -T ../CMSIS/startup_gcc/debug-in-microsemi-smartfusion2-esram.ld -Xlinker --gc-sections -Wl,-Map,"FCBBaseDesign.map" --specs=rdimon.specs -o "FCBBaseDesign.elf"  ./src/demo.o  ./hal/CortexM3/GNU/hal.o ./hal/CortexM3/GNU/hw_reg_access.o  ./hal/CortexM3/cortex_nvic.o  ./drivers_config/sys_config/sys_config.o  ./drivers/mss_sys_services/mss_comblk.o ./drivers/mss_sys_services/mss_sys_services.o  ./drivers/mss_spi/mss_spi.o  ./drivers/mss_rtc/mss_rtc.o  ./drivers/mss_nvm/mss_nvm.o  ./drivers/mss_hpdma/mss_hpdma.o  ./drivers/CoreUARTapb/core_uart_apb.o  ./drivers/CoreSPI/core_spi.o  ./drivers/CorePWM/core_pwm.o  ./drivers/CoreI2C/core_i2c.o ./drivers/CoreI2C/i2c_interrupt.o  ./drivers/CoreGPIO/core_gpio.o  ./CMSIS/startup_gcc/startup_m2sxxx.o  ./CMSIS/system_m2sxxx.o  ./.metadata/.plugins/org.eclipse.cdt.make.core/specs.o  ./main.o   
./main.o: In function `main':
C:\Users\Mike Klopfer\Documents\GitHub\Microsemi_SmartFusion2_FutureCreativeBoard_BaseDesign\FCBBaseDesign\SoftConsole\FCBBaseDesign\Debug/../main.c:141: undefined reference to `MCP3903ResetOSR'
C:\Users\Mike Klopfer\Documents\GitHub\Microsemi_SmartFusion2_FutureCreativeBoard_BaseDesign\FCBBaseDesign\SoftConsole\FCBBaseDesign\Debug/../main.c:142: undefined reference to `MCP3903SetGain'
./main.o: In function `Timer1_IRQHandler':
C:\Users\Mike Klopfer\Documents\GitHub\Microsemi_SmartFusion2_FutureCreativeBoard_BaseDesign\FCBBaseDesign\SoftConsole\FCBBaseDesign\Debug/../main.c:259: undefined reference to `MCP3903ReadADC'
collect2.exe: error: ld returned 1 exit status
makefile:58: recipe for target 'FCBBaseDesign.elf' failed
make: *** [FCBBaseDesign.elf] Error 1

08:04:18 Build Finished (took 8s.10ms)

